E:\КУРСОВІ\ZAVERYSHKA_KURSOVA\ZAVERYSHKA_KURSOVA\DEBUG\ZAVERYSHKA_KURSOVA.PCH
E:\КУРСОВІ\ZAVERYSHKA_KURSOVA\ZAVERYSHKA_KURSOVA\DEBUG\STDAFX.OBJ
E:\КУРСОВІ\ZAVERYSHKA_KURSOVA\ZAVERYSHKA_KURSOVA\DEBUG\VC110.PDB
E:\КУРСОВІ\ZAVERYSHKA_KURSOVA\ZAVERYSHKA_KURSOVA\DEBUG\ZAVERYSHKA_KURSOVA.OBJ
E:\КУРСОВІ\ZAVERYSHKA_KURSOVA\ZAVERYSHKA_KURSOVA\DEBUG\PAINTER.OBJ
E:\КУРСОВІ\ZAVERYSHKA_KURSOVA\ZAVERYSHKA_KURSOVA\DEBUG\CUSTOMPOINT.OBJ
E:\КУРСОВІ\ZAVERYSHKA_KURSOVA\ZAVERYSHKA_KURSOVA\DEBUG\ASSEMBLYINFO.OBJ
E:\КУРСОВІ\ZAVERYSHKA_KURSOVA\ZAVERYSHKA_KURSOVA\DEBUG\.NETFRAMEWORK,VERSION=V4.5.ASSEMBLYATTRIBUTES.OBJ
E:\КУРСОВІ\ZAVERYSHKA_KURSOVA\DEBUG\ZAVERYSHKA_KURSOVA.ILK
E:\КУРСОВІ\ZAVERYSHKA_KURSOVA\DEBUG\ZAVERYSHKA_KURSOVA.EXE
E:\КУРСОВІ\ZAVERYSHKA_KURSOVA\DEBUG\ZAVERYSHKA_KURSOVA.PDB
E:\КУРСОВІ\ZAVERYSHKA_KURSOVA\ZAVERYSHKA_KURSOVA\DEBUG\APP.RES
E:\КУРСОВІ\Zaveryshka_Kursova\Zaveryshka_Kursova\Debug\Zaveryshka_Kursova.Form1.resources
E:\КУРСОВІ\Zaveryshka_Kursova\Zaveryshka_Kursova\Debug\Zaveryshka_Kursova.vcxproj.GenerateResource.Cache
E:\КУРСОВІ\Zaveryshka_Kursova\Zaveryshka_Kursova\Debug\.NETFramework,Version=v4.5.AssemblyAttributes.obj
E:\КУРСОВІ\Zaveryshka_Kursova\Zaveryshka_Kursova\Debug\AssemblyInfo.obj
E:\КУРСОВІ\Zaveryshka_Kursova\Zaveryshka_Kursova\Debug\CustomPoint.obj
E:\КУРСОВІ\Zaveryshka_Kursova\Zaveryshka_Kursova\Debug\Painter.obj
E:\КУРСОВІ\Zaveryshka_Kursova\Zaveryshka_Kursova\Debug\stdafx.obj
E:\КУРСОВІ\Zaveryshka_Kursova\Zaveryshka_Kursova\Debug\Zaveryshka_Kursova.obj
E:\КУРСОВІ\Zaveryshka_Kursova\Zaveryshka_Kursova\Debug\cl.command.1.tlog
E:\КУРСОВІ\Zaveryshka_Kursova\Zaveryshka_Kursova\Debug\CL.read.1.tlog
E:\КУРСОВІ\Zaveryshka_Kursova\Zaveryshka_Kursova\Debug\CL.write.1.tlog
E:\КУРСОВІ\Zaveryshka_Kursova\Zaveryshka_Kursova\Debug\link.5828-cvtres.read.1.tlog
E:\КУРСОВІ\Zaveryshka_Kursova\Zaveryshka_Kursova\Debug\link.5828-cvtres.write.1.tlog
E:\КУРСОВІ\Zaveryshka_Kursova\Zaveryshka_Kursova\Debug\link.5828-rc.read.1.tlog
E:\КУРСОВІ\Zaveryshka_Kursova\Zaveryshka_Kursova\Debug\link.5828-rc.write.1.tlog
E:\КУРСОВІ\Zaveryshka_Kursova\Zaveryshka_Kursova\Debug\link.5828.read.1.tlog
E:\КУРСОВІ\Zaveryshka_Kursova\Zaveryshka_Kursova\Debug\link.5828.write.1.tlog
E:\КУРСОВІ\Zaveryshka_Kursova\Zaveryshka_Kursova\Debug\link.command.1.tlog
E:\КУРСОВІ\Zaveryshka_Kursova\Zaveryshka_Kursova\Debug\link.read.1.tlog
E:\КУРСОВІ\Zaveryshka_Kursova\Zaveryshka_Kursova\Debug\link.write.1.tlog
E:\КУРСОВІ\Zaveryshka_Kursova\Zaveryshka_Kursova\Debug\metagen.read.1.tlog
E:\КУРСОВІ\Zaveryshka_Kursova\Zaveryshka_Kursova\Debug\metagen.write.1.tlog
E:\КУРСОВІ\Zaveryshka_Kursova\Zaveryshka_Kursova\Debug\rc.command.1.tlog
E:\КУРСОВІ\Zaveryshka_Kursova\Zaveryshka_Kursova\Debug\rc.read.1.tlog
E:\КУРСОВІ\Zaveryshka_Kursova\Zaveryshka_Kursova\Debug\rc.write.1.tlog
E:\КУРСОВІ\Zaveryshka_Kursova\Zaveryshka_Kursova\Debug\Zaveryshka_Kursova.write.1.tlog
E:\КУРСОВІ\Zaveryshka_Kursova\Zaveryshka_Kursova\Debug\app.res
E:\КУРСОВІ\Zaveryshka_Kursova\Zaveryshka_Kursova\Debug\Zaveryshka_Kursova.pch
E:\КУРСОВІ\Zaveryshka_Kursova\Zaveryshka_Kursova\Debug\vc110.pdb
E:\КУРСОВІ\Zaveryshka_Kursova\Zaveryshka_Kursova\Debug\RSAENH.DLL.bi
E:\КУРСОВІ\Zaveryshka_Kursova\Zaveryshka_Kursova\Debug\TZRES.DLL.bi
E:\КУРСОВІ\Zaveryshka_Kursova\Debug\Zaveryshka_Kursova.pdb
E:\КУРСОВІ\Zaveryshka_Kursova\Debug\Zaveryshka_Kursova.exe
E:\КУРСОВІ\Zaveryshka_Kursova\Debug\Zaveryshka_Kursova.ilk
